xXBlackoutXx#NA1A1
Mazsp#NAA1
meaterium22#NA1A1
TTGDingleBailey#8577A1
TTG LortThor22#TTGA1
HueJaeness#NA1A1
Mucker67#CryonA1
Sauce#NA15A1
xannygrannie#GCSUA1
The Rain Man 27#NA1A1
8countnugswfries #NA1A1
Crent#NA1A1
Sniperboy227#NA1A1
CallMeDaddy #11755A1
Zekkén #NA1A1
Full Metal #NA1A1
Brigaide #RougeA1
镇天雷#RivenA1
Val #macaA1
1TakeKhalifa#NA1A1
tekkerrs#NA22A1
Praetor Xak #9224A1
Don Corleone#IVAA1
RG Ronin #RG1A1
Emma Sightstone #RiceA1
325 Remyxed #NA1A1
Xellius#NBA1
Butkusbeast91#NA1A1
TeamworkTerry#17msA1
Seung Soul#NA1A1
SUPERMAN2008NA#1A1
gamer dad #ilmwA1
Hunter #eepyA1
